Autore: Kernighan, Brian W., Ritchie, Dennis M.; Titolo: Il linguaggio C (seconda Edizione); Editore: Jackson Libri; Anno: 1989; Note: Edizione italiana; Prestito: 11-07-2023 22:19:10; Volume: ; Descrizione: 359 p., softcov,  13 cm; Luogo di pubblicazione: Milano; Collocazione/Scaffale: Z.22.56;

Autore: Kernighan, Brian W., Pike, Rob; Titolo: Programmazione nella Pratica; Editore: Addison-Wesley Longman Italia Editoriale; Anno: 1999; Note: Edizione italiana; Prestito: 11-07-2023 22:19:10; Volume: ; Descrizione: 294 p., softcov,  13 cm; Luogo di pubblicazione: Milano; Collocazione/Scaffale: Z.24.56;

loan 2

Autore: Melis, Antonio Pietro Angelo, Gatto Magnolfi, Gianni; Titolo: Manuale di architettura fiorentina; Editore: EQR; Anno: 1910; Note: Copia del Vescovo; Prestito: ; Volume: ; Descrizione: 34 p., cov,  59 cm; Luogo di pubblicazione: Firenze; Collocazione/Scaffale: Z.12.56;

Autore: Melis, Antonio Pietro Angelo, Gatto Magnolfi, Gianni; Titolo: Manuale di architettura fiorentina; Editore: EQR; Anno: 1910; Note: Copia del Vescovo; Prestito: ; Volume: ; Descrizione: 34 p., cov,  59 cm; Luogo di pubblicazione: Firenze; Collocazione/Scaffale: Z.12.56;

Autore: Melis, Antonio Pietro Angelo, , Gianni; Titolo: Manuale di architettura fiorentina; Editore: EQR; Anno: 1910; Note: Copia del Vescovo; Prestito: ; Volume: ; Descrizione: 34 p., cov,  59 cm; Luogo di pubblicazione: Firenze; Collocazione/Scaffale: Z.12.56;

Autore: Melis, Antonio Pietro Angelo, Gatto Magnolfi, Gianni; Titolo: Manuale di architettura fiorentina; Editore: EQR; Anno: 2010; Note: Copia del Vescovo; Prestito: 14-07-2022 11:45:50; Volume: 5; Descrizione: ; Luogo di pubblicazione: ; Collocazione/Scaffale: B.12;

query 4

Autore: Luccio, Fabrizio, Pagli, Linda, Steel, Graham; Titolo: Mathematical and Algorithmic Foundations of the Internet; Editore: CRC Press, Taylor and Francis Group; Anno: 2011; Note: Chapman & Hall/CRC Applied Algorithms and Data Structures series; Prestito: 11-07-2023 22:19:10; Volume: ; Descrizione: 434 p., softcovcov,  22 cm; Luogo di pubblicazione: New York; Collocazione/Scaffale: Z.DDf.56;

Autore: Luccio, Fabrizio, Pagli, Linda, Steel, Graham; Titolo: Mathematical and Algorithmic Foundations of the Internet; Editore: CRC Press, Taylor and Francis Group; Anno: 2011; Note: Chapman & Hall/CRC Applied Algorithms and Data Structures series; Prestito: 11-07-2023 22:19:10; Volume: ; Descrizione: 434 p., softcovcov,  22 cm; Luogo di pubblicazione: New York; Collocazione/Scaffale: Z.DDf.56;

loan 2

loan 0

query 0

loan 0

Autore: Luccio, Fabrizio, Pagli, Linda, Steel, Graham; Titolo: Mathematical and Algorithmic Foundations of the Internet; Editore: CRC Press, Taylor and Francis Group; Anno: 2011; Note: Chapman & Hall/CRC Applied Algorithms and Data Structures series; Prestito: 11-07-2023 22:19:10; Volume: ; Descrizione: 434 p., softcovcov,  22 cm; Luogo di pubblicazione: New York; Collocazione/Scaffale: Z.DDf.56;

Autore: Luccio, Fabrizio, Pagli, Linda, Steel, Graham; Titolo: Mathematical and Algorithmic Foundations of the Internet; Editore: CRC Press, Taylor and Francis Group; Anno: 2011; Note: Chapman & Hall/CRC Applied Algorithms and Data Structures series; Prestito: 11-07-2023 22:19:10; Volume: ; Descrizione: 434 p., softcovcov,  22 cm; Luogo di pubblicazione: New York; Collocazione/Scaffale: Z.DDf.56;

query 2

loan 0

loan 0

query 0

loan 0

query 0

loan 0

loan 0

query 0

loan 0

loan 0

loan 0

loan 0

query 0

loan 0

query 0

query 0

loan 0

query 0

query 0

query 0

query 0

loan 0

query 0

query 0

loan 0

loan 0

query 0

loan 0

loan 0

loan 0

loan 0

loan 0

