Autore: Kernighan, Brian W., Ritchie, Dennis M.; Titolo: Il linguaggio C (seconda Edizione); Editore: Jackson Libri; Anno: 1989; Note: Edizione italiana; Prestito: 11-07-2023 22:19:10; Volume: ; Descrizione: 359 p., softcov,  13 cm; Luogo di pubblicazione: Milano; Collocazione/Scaffale: Z.22.56;

Autore: Kernighan, Brian W., Pike, Rob; Titolo: Programmazione nella Pratica; Editore: Addison-Wesley Longman Italia Editoriale; Anno: 1999; Note: Edizione italiana; Prestito: 11-07-2023 22:19:10; Volume: ; Descrizione: 294 p., softcov,  13 cm; Luogo di pubblicazione: Milano; Collocazione/Scaffale: Z.24.56;

loan 2

query 0

Autore: Luccio, Fabrizio, Pagli, Linda, Steel, Graham; Titolo: Mathematical and Algorithmic Foundations of the Internet; Editore: CRC Press, Taylor and Francis Group; Anno: 2011; Note: Chapman & Hall/CRC Applied Algorithms and Data Structures series; Prestito: 11-07-2023 22:19:10; Volume: ; Descrizione: 434 p., softcov,  22 cm; Luogo di pubblicazione: New York; Collocazione/Scaffale: Z.DDf.56;

loan 1

loan 0

Autore: Kernighan, Brian W., Ritchie, Dennis M.; Titolo: Il linguaggio C (seconda Edizione); Editore: Jackson Libri; Anno: 1989; Note: Edizione italiana; Prestito: 11-07-2023 22:19:10; Volume: ; Descrizione: 359 p., softcov,  13 cm; Luogo di pubblicazione: Milano; Collocazione/Scaffale: Z.22.56;

Autore: Kernighan, Brian W., Pike, Rob; Titolo: Programmazione nella Pratica; Editore: Addison-Wesley Longman Italia Editoriale; Anno: 1999; Note: Edizione italiana; Prestito: 11-07-2023 22:19:10; Volume: ; Descrizione: 294 p., softcov,  13 cm; Luogo di pubblicazione: Milano; Collocazione/Scaffale: Z.24.56;

query 2

loan 0

Autore: Luccio, Fabrizio, Pagli, Linda, Steel, Graham; Titolo: Mathematical and Algorithmic Foundations of the Internet; Editore: CRC Press, Taylor and Francis Group; Anno: 2011; Note: Chapman & Hall/CRC Applied Algorithms and Data Structures series; Prestito: 11-07-2023 22:19:10; Volume: ; Descrizione: 434 p., softcov,  22 cm; Luogo di pubblicazione: New York; Collocazione/Scaffale: Z.DDf.56;

query 1

loan 0

loan 0

Autore: Aho, Alfred V., Lam, Monica S., Sethi, Ravi, Ullman, Jeffrey D.; Titolo: Compilers: Principles, Techniques, and Tools(2nd Edition); Editore: Pearson; Anno: 2006; Note: ; Prestito: ; Volume: ; Descrizione: 1434 p., hardcov,  27 cm; Luogo di pubblicazione: Boston; Collocazione/Scaffale: ;

Autore: Aho, Alfred V., Sethi, Ravi, Ullman, Jeffrey D.; Titolo: Compilers: Principles, Techniques, and Tools; Editore: Addison-Wesley; Anno: 1986; Note: ; Prestito: 12-12-2012 17:45:32; Volume: ; Descrizione: 796 p., hardcov,  27 cm; Luogo di pubblicazione: Reading MA; Collocazione/Scaffale: ;

query 2

loan 0

query 0

loan 0

loan 0

query 0

loan 0

loan 0

loan 0

loan 0

Autore: Aho, Alfred V., Lam, Monica S., Sethi, Ravi, Ullman, Jeffrey D.; Titolo: Compilers: Principles, Techniques, and Tools(2nd Edition); Editore: Pearson; Anno: 2006; Note: ; Prestito: ; Volume: ; Descrizione: 1434 p., hardcov,  27 cm; Luogo di pubblicazione: Boston; Collocazione/Scaffale: ;

Autore: Aho, Alfred V., Sethi, Ravi, Ullman, Jeffrey D.; Titolo: Compilers: Principles, Techniques, and Tools; Editore: Addison-Wesley; Anno: 1986; Note: ; Prestito: 12-12-2012 17:45:32; Volume: ; Descrizione: 796 p., hardcov,  27 cm; Luogo di pubblicazione: Reading MA; Collocazione/Scaffale: ;

query 2

loan 0

query 0

query 0

loan 0

query 0

query 0

query 0

query 0

loan 0

query 0

query 0

loan 0

loan 0

query 0

loan 0

loan 0

loan 0

loan 0

loan 0

